2023-03-23 15:31:00,063 INFO  [LogUtil] ========内部运营平台-客户管理-客户列表筛选器自动化测试开始======= 
2023-03-23 15:31:01,074 INFO  [LogUtil] 客户ID文本框输入2a3 
2023-03-23 15:31:01,128 INFO  [LogUtil] 点击搜索按钮 
2023-03-23 15:31:01,448 INFO  [LogUtil] 调用assertContainsPageSource自定义断言方法 
2023-03-23 15:31:01,959 INFO  [LogUtil] 断言页面是否包括脱敏数据,2a3因为字符串长度较短,仅截取前2位! 
2023-03-23 15:31:02,160 INFO  [LogUtil] 页面未找到2a3断言失败! 
2023-03-23 15:31:02,327 INFO  [LogUtil] 清除文本框内容 
2023-03-23 15:31:02,855 INFO  [LogUtil] 联合搜索下拉框选择《环球时报》社有限公司 
2023-03-23 15:31:04,476 INFO  [LogUtil] 点击搜索按钮 
2023-03-23 15:31:04,747 INFO  [LogUtil] 调用assertContainsPageSource自定义断言方法 
2023-03-23 15:31:05,265 INFO  [LogUtil] 断言页面是否包括脱敏数据前两位: 《环,后两位: 公司 
2023-03-23 15:31:05,841 INFO  [LogUtil] 断言: 《环球时报》社有限公司 成功! 
2023-03-23 15:31:05,841 INFO  [LogUtil] 恢复联合验证下拉框数据 
2023-03-23 15:31:07,110 INFO  [LogUtil] SAP客户名称下拉框选择作废-萨提尼尔（香港）有限公司 
2023-03-23 15:31:08,736 INFO  [LogUtil] 点击搜索按钮 
2023-03-23 15:31:09,065 INFO  [LogUtil] 调用assertContainsPageSource自定义断言方法 
2023-03-23 15:31:09,573 INFO  [LogUtil] 断言页面是否包括脱敏数据前两位: 作废,后两位: 公司 
2023-03-23 15:31:10,120 INFO  [LogUtil] 断言: 作废-萨提尼尔（香港）有限公司 成功! 
2023-03-23 15:31:10,120 INFO  [LogUtil] 恢复SAP客户名称下拉框默认值 
2023-03-23 15:31:11,378 INFO  [LogUtil] 客户类型下拉框选择直客-游戏 
2023-03-23 15:31:13,044 INFO  [LogUtil] 点击搜索按钮 
2023-03-23 15:31:14,359 INFO  [LogUtil] 调用assertContainsPageSource自定义断言方法 
2023-03-23 15:31:14,887 INFO  [LogUtil] 断言页面是否包括脱敏数据前两位: 直客,后两位: 游戏 
2023-03-23 15:31:17,104 INFO  [LogUtil] 断言: 直客-游戏 成功! 
2023-03-23 15:31:17,104 INFO  [LogUtil] 恢复客户类型下拉框默认值 
2023-03-23 15:31:18,657 INFO  [LogUtil] 客户等级下拉框选择Tier1 战略 
2023-03-23 15:31:20,290 INFO  [LogUtil] 点击搜索 
2023-03-23 15:31:20,593 INFO  [LogUtil] 调用assertContainsPageSource自定义断言方法 
2023-03-23 15:31:21,103 INFO  [LogUtil] 断言页面是否包括脱敏数据前两位: Ti,后两位: 战略 
2023-03-23 15:31:22,205 INFO  [LogUtil] 断言: Tier1 战略 成功! 
2023-03-23 15:31:22,205 INFO  [LogUtil] 恢复客户等级下拉框默认值 
2023-03-23 15:31:23,791 INFO  [LogUtil] 所属销售下拉框选择: 郝燕星 <haoyanxing@cmcm.com> 
2023-03-23 15:31:25,452 INFO  [LogUtil] 点击搜索 
2023-03-23 15:31:25,828 INFO  [LogUtil] 调用assertContainsPageSource自定义断言方法 
2023-03-23 15:31:26,345 INFO  [LogUtil] 断言页面是否: 郝燕 
2023-03-23 15:31:27,407 INFO  [LogUtil] 断言: 郝燕星 <haoyanxing@cmcm.com> 成功! 
2023-03-23 15:31:27,407 INFO  [LogUtil] 所属销售下拉框恢复默认值: 
2023-03-23 15:31:28,093 INFO  [LogUtil] 所属AM下拉框选择:韩玮瑶<hanweiyao@cmcm.com> 
2023-03-23 15:31:29,899 INFO  [LogUtil] 点击搜索按钮 
2023-03-23 15:31:30,265 INFO  [LogUtil] 调用assertContainsPageSource自定义断言方法 
2023-03-23 15:31:30,773 INFO  [LogUtil] 断言页面是否: 韩 
2023-03-23 15:31:31,843 INFO  [LogUtil] 断言: 韩玮瑶<hanweiyao@cmcm.com> 成功! 
2023-03-23 15:31:31,843 INFO  [LogUtil] 所属AM下拉框选择恢复默认值 
2023-03-23 15:31:32,588 INFO  [LogUtil] 所属优化师下拉框选择:孙玉<sunyu6@cmcm.com> 
2023-03-23 15:31:34,491 INFO  [LogUtil] 点击搜索按钮 
2023-03-23 15:31:34,945 INFO  [LogUtil] 调用assertContainsPageSource自定义断言方法 
2023-03-23 15:31:35,459 INFO  [LogUtil] 断言页面是否: 孙 
2023-03-23 15:31:35,717 INFO  [LogUtil] 断言: 孙玉<sunyu6@cmcm.com> 成功! 
2023-03-23 15:31:35,717 INFO  [LogUtil] 所属优化师下拉框选择恢复默认值 
2023-03-23 15:31:36,433 INFO  [LogUtil] SAP Code文本框输入:123123213 
2023-03-23 15:31:36,522 INFO  [LogUtil] 点击搜索按钮 
2023-03-23 15:31:36,787 INFO  [LogUtil] 调用assertContainsPageSource自定义断言方法 
2023-03-23 15:31:37,311 INFO  [LogUtil] 断言页面是否包括脱敏数据前两位: 12,后两位: 13 
2023-03-23 15:31:37,606 INFO  [LogUtil] 页面未找到123123213断言失败! 
2023-03-23 15:31:37,747 INFO  [LogUtil] 清除SAP Code文本框 
2023-03-23 15:31:39,795 INFO  [LogUtil] =============================自动化测试结束=========================== 
2023-03-23 15:31:39,795 INFO  [LogUtil] 
 
